2017-08-16 16:06:27,563 INFO o.a.j.u.JMeterUtils: Setting Locale to en_US
2017-08-16 16:06:27,573 INFO o.a.j.JMeter: Loading user properties from: user.properties
2017-08-16 16:06:27,573 INFO o.a.j.JMeter: Loading system properties from: system.properties
2017-08-16 16:06:27,577 INFO o.a.j.JMeter: Copyright (c) 1998-2017 The Apache Software Foundation
2017-08-16 16:06:27,577 INFO o.a.j.JMeter: Version 3.2 r1790748
2017-08-16 16:06:27,577 INFO o.a.j.JMeter: java.version=1.8.0_121
2017-08-16 16:06:27,577 INFO o.a.j.JMeter: java.vm.name=Java HotSpot(TM) 64-Bit Server VM
2017-08-16 16:06:27,577 INFO o.a.j.JMeter: os.name=Mac OS X
2017-08-16 16:06:27,577 INFO o.a.j.JMeter: os.arch=x86_64
2017-08-16 16:06:27,577 INFO o.a.j.JMeter: os.version=10.12.6
2017-08-16 16:06:27,577 INFO o.a.j.JMeter: file.encoding=UTF-8
2017-08-16 16:06:27,577 INFO o.a.j.JMeter: Max memory     =536870912
2017-08-16 16:06:27,578 INFO o.a.j.JMeter: Available Processors =8
2017-08-16 16:06:27,581 INFO o.a.j.JMeter: Default Locale=English (United States)
2017-08-16 16:06:27,581 INFO o.a.j.JMeter: JMeter  Locale=English (United States)
2017-08-16 16:06:27,581 INFO o.a.j.JMeter: JMeterHome=/Users/jyzhou/Documents/JMETER/apache-jmeter-3.2
2017-08-16 16:06:27,581 INFO o.a.j.JMeter: user.dir  =/Users/jyzhou/Documents/JMETER/apache-jmeter-3.2/bin
2017-08-16 16:06:27,581 INFO o.a.j.JMeter: PWD       =/Users/jyzhou/Documents/JMETER/apache-jmeter-3.2/bin
2017-08-16 16:06:32,586 INFO o.a.j.JMeter: IP: 10.206.21.50 Name: CNjyzhou.local FullName: 10.206.21.50
2017-08-16 16:06:32,588 INFO o.a.j.JMeter: Setting property 'jmeter.reportgenerator.outputdir' to:'/Users/jyzhou/Documents/JMETER/apache-jmeter-3.2/bin/../../jmeter/report'
2017-08-16 16:06:32,590 INFO o.a.j.s.FileServer: Default base='/Users/jyzhou/Documents/JMETER/apache-jmeter-3.2/bin'
2017-08-16 16:06:32,590 INFO o.a.j.s.FileServer: Set new base='/Users/jyzhou/Documents/JMETER/apache-jmeter-3.2/bin/../../jmeter/script'
2017-08-16 16:06:32,673 INFO o.a.j.s.SaveService: Testplan (JMX) version: 2.2. Testlog (JTL) version: 2.2
2017-08-16 16:06:32,683 INFO o.a.j.s.SaveService: Using SaveService properties file encoding UTF-8
2017-08-16 16:06:32,687 INFO o.a.j.s.SaveService: Using SaveService properties version 3.2
2017-08-16 16:06:32,692 INFO o.a.j.s.SaveService: Loading file: ../../jmeter/script/Threadadmin.jmx
2017-08-16 16:06:32,728 INFO o.a.j.p.h.s.HTTPSamplerBase: Parser for text/html is org.apache.jmeter.protocol.http.parser.LagartoBasedHtmlParser
2017-08-16 16:06:32,728 INFO o.a.j.p.h.s.HTTPSamplerBase: Parser for application/xhtml+xml is org.apache.jmeter.protocol.http.parser.LagartoBasedHtmlParser
2017-08-16 16:06:32,728 INFO o.a.j.p.h.s.HTTPSamplerBase: Parser for application/xml is org.apache.jmeter.protocol.http.parser.LagartoBasedHtmlParser
2017-08-16 16:06:32,728 INFO o.a.j.p.h.s.HTTPSamplerBase: Parser for text/xml is org.apache.jmeter.protocol.http.parser.LagartoBasedHtmlParser
2017-08-16 16:06:32,728 INFO o.a.j.p.h.s.HTTPSamplerBase: Parser for text/vnd.wap.wml is org.apache.jmeter.protocol.http.parser.RegexpHTMLParser
2017-08-16 16:06:32,729 INFO o.a.j.p.h.s.HTTPSamplerBase: Parser for text/css is org.apache.jmeter.protocol.http.parser.CssParser
2017-08-16 16:06:32,755 INFO o.a.j.JMeter: Creating summariser <summary>
2017-08-16 16:06:32,759 INFO o.a.j.r.d.ReportGenerator: ReportGenerator will use for Parsing the separator: ','
2017-08-16 16:06:32,759 INFO o.a.j.r.d.ReportGenerator: Will generate report at end of test from  results file: ../../jmeter/data/Threadadmin.jtl
2017-08-16 16:06:32,760 INFO o.a.j.r.d.ReportGenerator: Reading report generator properties from: /Users/jyzhou/Documents/JMETER/apache-jmeter-3.2/bin/reportgenerator.properties
2017-08-16 16:06:32,762 INFO o.a.j.r.d.ReportGenerator: Merging with JMeter properties
2017-08-16 16:06:32,769 INFO o.a.j.r.c.ReportGeneratorConfiguration: Property 'jmeter.reportgenerator.temp_dir' not found, using default value 'temp' instead.
2017-08-16 16:06:32,773 INFO o.a.j.r.c.ReportGeneratorConfiguration: Property 'jmeter.reportgenerator.apdex_per_transaction' not found, using default value 'null' instead.
2017-08-16 16:06:32,773 INFO o.a.j.r.c.ReportGeneratorConfiguration: apdex_per_transaction : {} is empty, not APDEX per transaction customization
2017-08-16 16:06:32,773 INFO o.a.j.r.c.ReportGeneratorConfiguration: Property 'jmeter.reportgenerator.sample_filter' not found, using default value 'null' instead.
2017-08-16 16:06:32,774 INFO o.a.j.r.c.ReportGeneratorConfiguration: Property 'jmeter.reportgenerator.report_title' not found, using default value 'null' instead.
2017-08-16 16:06:32,774 INFO o.a.j.r.c.ReportGeneratorConfiguration: Property 'jmeter.reportgenerator.start_date' not found, using default value 'null' instead.
2017-08-16 16:06:32,774 INFO o.a.j.r.c.ReportGeneratorConfiguration: Property 'jmeter.reportgenerator.end_date' not found, using default value 'null' instead.
2017-08-16 16:06:32,774 INFO o.a.j.r.c.ReportGeneratorConfiguration: Property 'jmeter.reportgenerator.date_format' not found, using default value 'null' instead.
2017-08-16 16:06:32,774 INFO o.a.j.r.c.ReportGeneratorConfiguration: Will use date range start date: null, end date: null
2017-08-16 16:06:32,778 INFO o.a.j.r.c.ReportGeneratorConfiguration: Property 'jmeter.reportgenerator.graph.activeThreadsOverTime.exclude_controllers' not found, using default value 'false' instead.
2017-08-16 16:06:32,778 INFO o.a.j.r.c.ReportGeneratorConfiguration: Property 'jmeter.reportgenerator.graph.timeVsThreads.exclude_controllers' not found, using default value 'false' instead.
2017-08-16 16:06:32,778 INFO o.a.j.r.c.ReportGeneratorConfiguration: Property 'jmeter.reportgenerator.graph.responseTimeDistribution.exclude_controllers' not found, using default value 'false' instead.
2017-08-16 16:06:32,778 INFO o.a.j.r.c.ReportGeneratorConfiguration: Property 'jmeter.reportgenerator.graph.transactionsPerSecond.exclude_controllers' not found, using default value 'false' instead.
2017-08-16 16:06:32,779 INFO o.a.j.r.c.ReportGeneratorConfiguration: Property 'jmeter.reportgenerator.graph.responseTimePercentiles.exclude_controllers' not found, using default value 'false' instead.
2017-08-16 16:06:32,779 INFO o.a.j.r.c.ReportGeneratorConfiguration: Property 'jmeter.reportgenerator.graph.responseTimePercentilesOverTime.exclude_controllers' not found, using default value 'false' instead.
2017-08-16 16:06:32,779 INFO o.a.j.r.c.ReportGeneratorConfiguration: Property 'jmeter.reportgenerator.graph.responseTimesOverTime.exclude_controllers' not found, using default value 'false' instead.
2017-08-16 16:06:32,779 INFO o.a.j.r.c.ReportGeneratorConfiguration: Property 'jmeter.reportgenerator.graph.connectTimeOverTime.exclude_controllers' not found, using default value 'false' instead.
2017-08-16 16:06:32,779 INFO o.a.j.r.c.ReportGeneratorConfiguration: Property 'jmeter.reportgenerator.graph.latenciesOverTime.exclude_controllers' not found, using default value 'false' instead.
2017-08-16 16:06:32,780 INFO o.a.j.r.c.ReportGeneratorConfiguration: Property 'jmeter.reportgenerator.exporter.html.filters_only_sample_series' not found, using default value 'true' instead.
2017-08-16 16:06:32,780 INFO o.a.j.r.c.ReportGeneratorConfiguration: Property 'jmeter.reportgenerator.exporter.html.series_filter' not found, using default value '' instead.
2017-08-16 16:06:32,780 INFO o.a.j.r.c.ReportGeneratorConfiguration: Property 'jmeter.reportgenerator.exporter.html.show_controllers_only' not found, using default value 'false' instead.
2017-08-16 16:06:32,784 INFO o.a.j.e.StandardJMeterEngine: Running the test!
2017-08-16 16:06:32,786 INFO o.a.j.s.SampleEvent: List of sample_variables: []
2017-08-16 16:06:32,786 INFO o.a.j.s.SampleEvent: List of sample_variables: []
2017-08-16 16:06:32,790 INFO o.a.j.e.u.CompoundVariable: Note: Function class names must contain the string: '.functions.'
2017-08-16 16:06:32,790 INFO o.a.j.e.u.CompoundVariable: Note: Function class names must not contain the string: '.gui.'
2017-08-16 16:06:33,078 INFO o.a.j.JMeter: Running test (1502870793078)
2017-08-16 16:06:33,103 INFO o.a.j.e.StandardJMeterEngine: Starting ThreadGroup: 1 : Threadadmin
2017-08-16 16:06:33,104 INFO o.a.j.e.StandardJMeterEngine: Starting 100 threads for group Threadadmin.
2017-08-16 16:06:33,104 INFO o.a.j.e.StandardJMeterEngine: Thread will continue on error
2017-08-16 16:06:33,104 INFO o.a.j.t.ThreadGroup: Starting thread group... number=1 threads=100 ramp-up=5 perThread=50.0 delayedStart=false
2017-08-16 16:06:33,143 INFO o.a.j.t.ThreadGroup: Started thread group number 1
2017-08-16 16:06:33,143 INFO o.a.j.e.StandardJMeterEngine: All thread groups have been started
2017-08-16 16:06:33,349 INFO o.a.j.t.JMeterThread: Thread started: Threadadmin 1-1
2017-08-16 16:06:33,351 INFO o.a.j.s.FileServer: Stored: ../../jmeter/data/login.csv
2017-08-16 16:06:33,366 INFO o.a.j.p.h.s.HTTPHCAbstractImpl: Local host = CNjyzhou.local
2017-08-16 16:06:33,370 INFO o.a.j.p.h.s.HTTPHC4Impl: HTTP request retry count = 0
2017-08-16 16:06:33,377 INFO o.a.j.s.SampleResult: Note: Sample TimeStamps are START times
2017-08-16 16:06:33,377 INFO o.a.j.s.SampleResult: sampleresult.default.encoding is set to ISO-8859-1
2017-08-16 16:06:33,377 INFO o.a.j.s.SampleResult: sampleresult.useNanoTime=true
2017-08-16 16:06:33,377 INFO o.a.j.s.SampleResult: sampleresult.nanoThreadSleep=5000
2017-08-16 16:06:33,399 INFO o.a.j.t.JMeterThread: Thread started: Threadadmin 1-2
2017-08-16 16:06:33,450 INFO o.a.j.t.JMeterThread: Thread started: Threadadmin 1-3
2017-08-16 16:06:33,480 INFO o.a.j.t.JMeterThread: Thread is done: Threadadmin 1-2
2017-08-16 16:06:33,480 INFO o.a.j.t.JMeterThread: Thread is done: Threadadmin 1-3
2017-08-16 16:06:33,481 INFO o.a.j.t.JMeterThread: Thread finished: Threadadmin 1-2
2017-08-16 16:06:33,481 INFO o.a.j.t.JMeterThread: Thread finished: Threadadmin 1-3
2017-08-16 16:06:33,481 INFO o.a.j.r.Summariser: summary +      1 in 00:00:00 =    2.5/s Avg:    77 Min:    77 Max:    77 Err:     0 (0.00%) Active: 3 Started: 3 Finished: 0
2017-08-16 16:06:33,481 INFO o.a.j.t.JMeterThread: Thread is done: Threadadmin 1-1
2017-08-16 16:06:33,481 INFO o.a.j.t.JMeterThread: Thread finished: Threadadmin 1-1
2017-08-16 16:06:33,501 INFO o.a.j.t.JMeterThread: Thread started: Threadadmin 1-4
2017-08-16 16:06:33,506 INFO o.a.j.t.JMeterThread: Thread is done: Threadadmin 1-4
2017-08-16 16:06:33,506 INFO o.a.j.t.JMeterThread: Thread finished: Threadadmin 1-4
2017-08-16 16:06:33,554 INFO o.a.j.t.JMeterThread: Thread started: Threadadmin 1-5
2017-08-16 16:06:33,558 INFO o.a.j.t.JMeterThread: Thread is done: Threadadmin 1-5
2017-08-16 16:06:33,558 INFO o.a.j.t.JMeterThread: Thread finished: Threadadmin 1-5
2017-08-16 16:06:33,600 INFO o.a.j.t.JMeterThread: Thread started: Threadadmin 1-6
2017-08-16 16:06:33,607 INFO o.a.j.t.JMeterThread: Thread is done: Threadadmin 1-6
2017-08-16 16:06:33,607 INFO o.a.j.t.JMeterThread: Thread finished: Threadadmin 1-6
2017-08-16 16:06:33,649 INFO o.a.j.t.JMeterThread: Thread started: Threadadmin 1-7
2017-08-16 16:06:33,653 INFO o.a.j.t.JMeterThread: Thread is done: Threadadmin 1-7
2017-08-16 16:06:33,653 INFO o.a.j.t.JMeterThread: Thread finished: Threadadmin 1-7
2017-08-16 16:06:33,704 INFO o.a.j.t.JMeterThread: Thread started: Threadadmin 1-8
2017-08-16 16:06:33,707 INFO o.a.j.t.JMeterThread: Thread is done: Threadadmin 1-8
2017-08-16 16:06:33,707 INFO o.a.j.t.JMeterThread: Thread finished: Threadadmin 1-8
2017-08-16 16:06:33,754 INFO o.a.j.t.JMeterThread: Thread started: Threadadmin 1-9
2017-08-16 16:06:33,759 INFO o.a.j.t.JMeterThread: Thread is done: Threadadmin 1-9
2017-08-16 16:06:33,759 INFO o.a.j.t.JMeterThread: Thread finished: Threadadmin 1-9
2017-08-16 16:06:33,802 INFO o.a.j.t.JMeterThread: Thread started: Threadadmin 1-10
2017-08-16 16:06:33,806 INFO o.a.j.t.JMeterThread: Thread is done: Threadadmin 1-10
2017-08-16 16:06:33,806 INFO o.a.j.t.JMeterThread: Thread finished: Threadadmin 1-10
2017-08-16 16:06:33,851 INFO o.a.j.t.JMeterThread: Thread started: Threadadmin 1-11
2017-08-16 16:06:33,855 INFO o.a.j.t.JMeterThread: Thread is done: Threadadmin 1-11
2017-08-16 16:06:33,855 INFO o.a.j.t.JMeterThread: Thread finished: Threadadmin 1-11
2017-08-16 16:06:33,898 INFO o.a.j.t.JMeterThread: Thread started: Threadadmin 1-12
2017-08-16 16:06:33,904 INFO o.a.j.t.JMeterThread: Thread is done: Threadadmin 1-12
2017-08-16 16:06:33,904 INFO o.a.j.t.JMeterThread: Thread finished: Threadadmin 1-12
2017-08-16 16:06:33,954 INFO o.a.j.t.JMeterThread: Thread started: Threadadmin 1-13
2017-08-16 16:06:33,965 INFO o.a.j.t.JMeterThread: Thread is done: Threadadmin 1-13
2017-08-16 16:06:33,965 INFO o.a.j.t.JMeterThread: Thread finished: Threadadmin 1-13
2017-08-16 16:06:34,003 INFO o.a.j.t.JMeterThread: Thread started: Threadadmin 1-14
2017-08-16 16:06:34,010 INFO o.a.j.t.JMeterThread: Thread is done: Threadadmin 1-14
2017-08-16 16:06:34,010 INFO o.a.j.t.JMeterThread: Thread finished: Threadadmin 1-14
2017-08-16 16:06:34,053 INFO o.a.j.t.JMeterThread: Thread started: Threadadmin 1-15
2017-08-16 16:06:34,059 INFO o.a.j.t.JMeterThread: Thread is done: Threadadmin 1-15
2017-08-16 16:06:34,059 INFO o.a.j.t.JMeterThread: Thread finished: Threadadmin 1-15
2017-08-16 16:06:34,101 INFO o.a.j.t.JMeterThread: Thread started: Threadadmin 1-16
2017-08-16 16:06:34,108 INFO o.a.j.t.JMeterThread: Thread is done: Threadadmin 1-16
2017-08-16 16:06:34,108 INFO o.a.j.t.JMeterThread: Thread finished: Threadadmin 1-16
2017-08-16 16:06:34,149 INFO o.a.j.t.JMeterThread: Thread started: Threadadmin 1-17
2017-08-16 16:06:34,154 INFO o.a.j.t.JMeterThread: Thread is done: Threadadmin 1-17
2017-08-16 16:06:34,154 INFO o.a.j.t.JMeterThread: Thread finished: Threadadmin 1-17
2017-08-16 16:06:34,195 INFO o.a.j.t.JMeterThread: Thread started: Threadadmin 1-18
2017-08-16 16:06:34,201 INFO o.a.j.t.JMeterThread: Thread is done: Threadadmin 1-18
2017-08-16 16:06:34,202 INFO o.a.j.t.JMeterThread: Thread finished: Threadadmin 1-18
2017-08-16 16:06:34,251 INFO o.a.j.t.JMeterThread: Thread started: Threadadmin 1-19
2017-08-16 16:06:34,256 INFO o.a.j.t.JMeterThread: Thread is done: Threadadmin 1-19
2017-08-16 16:06:34,256 INFO o.a.j.t.JMeterThread: Thread finished: Threadadmin 1-19
2017-08-16 16:06:34,301 INFO o.a.j.t.JMeterThread: Thread started: Threadadmin 1-20
2017-08-16 16:06:34,306 INFO o.a.j.t.JMeterThread: Thread is done: Threadadmin 1-20
2017-08-16 16:06:34,307 INFO o.a.j.t.JMeterThread: Thread finished: Threadadmin 1-20
2017-08-16 16:06:34,351 INFO o.a.j.t.JMeterThread: Thread started: Threadadmin 1-21
2017-08-16 16:06:34,357 INFO o.a.j.t.JMeterThread: Thread is done: Threadadmin 1-21
2017-08-16 16:06:34,357 INFO o.a.j.t.JMeterThread: Thread finished: Threadadmin 1-21
2017-08-16 16:06:34,401 INFO o.a.j.t.JMeterThread: Thread started: Threadadmin 1-22
2017-08-16 16:06:34,407 INFO o.a.j.t.JMeterThread: Thread is done: Threadadmin 1-22
2017-08-16 16:06:34,407 INFO o.a.j.t.JMeterThread: Thread finished: Threadadmin 1-22
2017-08-16 16:06:34,452 INFO o.a.j.t.JMeterThread: Thread started: Threadadmin 1-23
2017-08-16 16:06:34,458 INFO o.a.j.t.JMeterThread: Thread is done: Threadadmin 1-23
2017-08-16 16:06:34,458 INFO o.a.j.t.JMeterThread: Thread finished: Threadadmin 1-23
2017-08-16 16:06:34,506 INFO o.a.j.t.JMeterThread: Thread started: Threadadmin 1-24
2017-08-16 16:06:34,511 INFO o.a.j.t.JMeterThread: Thread is done: Threadadmin 1-24
2017-08-16 16:06:34,511 INFO o.a.j.t.JMeterThread: Thread finished: Threadadmin 1-24
2017-08-16 16:06:34,555 INFO o.a.j.t.JMeterThread: Thread started: Threadadmin 1-25
2017-08-16 16:06:34,560 INFO o.a.j.t.JMeterThread: Thread is done: Threadadmin 1-25
2017-08-16 16:06:34,561 INFO o.a.j.t.JMeterThread: Thread finished: Threadadmin 1-25
2017-08-16 16:06:34,604 INFO o.a.j.t.JMeterThread: Thread started: Threadadmin 1-26
2017-08-16 16:06:34,609 INFO o.a.j.t.JMeterThread: Thread is done: Threadadmin 1-26
2017-08-16 16:06:34,609 INFO o.a.j.t.JMeterThread: Thread finished: Threadadmin 1-26
2017-08-16 16:06:34,649 INFO o.a.j.t.JMeterThread: Thread started: Threadadmin 1-27
2017-08-16 16:06:34,655 INFO o.a.j.t.JMeterThread: Thread is done: Threadadmin 1-27
2017-08-16 16:06:34,655 INFO o.a.j.t.JMeterThread: Thread finished: Threadadmin 1-27
2017-08-16 16:06:34,703 INFO o.a.j.t.JMeterThread: Thread started: Threadadmin 1-28
2017-08-16 16:06:34,709 INFO o.a.j.t.JMeterThread: Thread is done: Threadadmin 1-28
2017-08-16 16:06:34,709 INFO o.a.j.t.JMeterThread: Thread finished: Threadadmin 1-28
2017-08-16 16:06:34,750 INFO o.a.j.t.JMeterThread: Thread started: Threadadmin 1-29
2017-08-16 16:06:34,756 INFO o.a.j.t.JMeterThread: Thread is done: Threadadmin 1-29
2017-08-16 16:06:34,756 INFO o.a.j.t.JMeterThread: Thread finished: Threadadmin 1-29
2017-08-16 16:06:34,796 INFO o.a.j.t.JMeterThread: Thread started: Threadadmin 1-30
2017-08-16 16:06:34,802 INFO o.a.j.t.JMeterThread: Thread is done: Threadadmin 1-30
2017-08-16 16:06:34,802 INFO o.a.j.t.JMeterThread: Thread finished: Threadadmin 1-30
2017-08-16 16:06:34,850 INFO o.a.j.t.JMeterThread: Thread started: Threadadmin 1-31
2017-08-16 16:06:34,855 INFO o.a.j.t.JMeterThread: Thread is done: Threadadmin 1-31
2017-08-16 16:06:34,855 INFO o.a.j.t.JMeterThread: Thread finished: Threadadmin 1-31
2017-08-16 16:06:34,901 INFO o.a.j.t.JMeterThread: Thread started: Threadadmin 1-32
2017-08-16 16:06:34,906 INFO o.a.j.t.JMeterThread: Thread is done: Threadadmin 1-32
2017-08-16 16:06:34,906 INFO o.a.j.t.JMeterThread: Thread finished: Threadadmin 1-32
2017-08-16 16:06:34,950 INFO o.a.j.t.JMeterThread: Thread started: Threadadmin 1-33
2017-08-16 16:06:34,955 INFO o.a.j.t.JMeterThread: Thread is done: Threadadmin 1-33
2017-08-16 16:06:34,956 INFO o.a.j.t.JMeterThread: Thread finished: Threadadmin 1-33
2017-08-16 16:06:34,998 INFO o.a.j.t.JMeterThread: Thread started: Threadadmin 1-34
2017-08-16 16:06:35,003 INFO o.a.j.t.JMeterThread: Thread is done: Threadadmin 1-34
2017-08-16 16:06:35,003 INFO o.a.j.t.JMeterThread: Thread finished: Threadadmin 1-34
2017-08-16 16:06:35,052 INFO o.a.j.t.JMeterThread: Thread started: Threadadmin 1-35
2017-08-16 16:06:35,057 INFO o.a.j.t.JMeterThread: Thread is done: Threadadmin 1-35
2017-08-16 16:06:35,057 INFO o.a.j.t.JMeterThread: Thread finished: Threadadmin 1-35
2017-08-16 16:06:35,101 INFO o.a.j.t.JMeterThread: Thread started: Threadadmin 1-36
2017-08-16 16:06:35,107 INFO o.a.j.t.JMeterThread: Thread is done: Threadadmin 1-36
2017-08-16 16:06:35,108 INFO o.a.j.t.JMeterThread: Thread finished: Threadadmin 1-36
2017-08-16 16:06:35,149 INFO o.a.j.t.JMeterThread: Thread started: Threadadmin 1-37
2017-08-16 16:06:35,155 INFO o.a.j.t.JMeterThread: Thread is done: Threadadmin 1-37
2017-08-16 16:06:35,155 INFO o.a.j.t.JMeterThread: Thread finished: Threadadmin 1-37
2017-08-16 16:06:35,202 INFO o.a.j.t.JMeterThread: Thread started: Threadadmin 1-38
2017-08-16 16:06:35,207 INFO o.a.j.t.JMeterThread: Thread is done: Threadadmin 1-38
2017-08-16 16:06:35,207 INFO o.a.j.t.JMeterThread: Thread finished: Threadadmin 1-38
2017-08-16 16:06:35,253 INFO o.a.j.t.JMeterThread: Thread started: Threadadmin 1-39
2017-08-16 16:06:35,259 INFO o.a.j.t.JMeterThread: Thread is done: Threadadmin 1-39
2017-08-16 16:06:35,259 INFO o.a.j.t.JMeterThread: Thread finished: Threadadmin 1-39
2017-08-16 16:06:35,301 INFO o.a.j.t.JMeterThread: Thread started: Threadadmin 1-40
2017-08-16 16:06:35,307 INFO o.a.j.t.JMeterThread: Thread is done: Threadadmin 1-40
2017-08-16 16:06:35,307 INFO o.a.j.t.JMeterThread: Thread finished: Threadadmin 1-40
2017-08-16 16:06:35,354 INFO o.a.j.t.JMeterThread: Thread started: Threadadmin 1-41
2017-08-16 16:06:35,359 INFO o.a.j.t.JMeterThread: Thread is done: Threadadmin 1-41
2017-08-16 16:06:35,359 INFO o.a.j.t.JMeterThread: Thread finished: Threadadmin 1-41
2017-08-16 16:06:35,400 INFO o.a.j.t.JMeterThread: Thread started: Threadadmin 1-42
2017-08-16 16:06:35,405 INFO o.a.j.t.JMeterThread: Thread is done: Threadadmin 1-42
2017-08-16 16:06:35,405 INFO o.a.j.t.JMeterThread: Thread finished: Threadadmin 1-42
2017-08-16 16:06:35,450 INFO o.a.j.t.JMeterThread: Thread started: Threadadmin 1-43
2017-08-16 16:06:35,456 INFO o.a.j.t.JMeterThread: Thread is done: Threadadmin 1-43
2017-08-16 16:06:35,456 INFO o.a.j.t.JMeterThread: Thread finished: Threadadmin 1-43
2017-08-16 16:06:35,502 INFO o.a.j.t.JMeterThread: Thread started: Threadadmin 1-44
2017-08-16 16:06:35,507 INFO o.a.j.t.JMeterThread: Thread is done: Threadadmin 1-44
2017-08-16 16:06:35,507 INFO o.a.j.t.JMeterThread: Thread finished: Threadadmin 1-44
2017-08-16 16:06:35,551 INFO o.a.j.t.JMeterThread: Thread started: Threadadmin 1-45
2017-08-16 16:06:35,556 INFO o.a.j.t.JMeterThread: Thread is done: Threadadmin 1-45
2017-08-16 16:06:35,556 INFO o.a.j.t.JMeterThread: Thread finished: Threadadmin 1-45
2017-08-16 16:06:35,599 INFO o.a.j.t.JMeterThread: Thread started: Threadadmin 1-46
2017-08-16 16:06:35,604 INFO o.a.j.t.JMeterThread: Thread is done: Threadadmin 1-46
2017-08-16 16:06:35,604 INFO o.a.j.t.JMeterThread: Thread finished: Threadadmin 1-46
2017-08-16 16:06:35,655 INFO o.a.j.t.JMeterThread: Thread started: Threadadmin 1-47
2017-08-16 16:06:35,660 INFO o.a.j.t.JMeterThread: Thread is done: Threadadmin 1-47
2017-08-16 16:06:35,660 INFO o.a.j.t.JMeterThread: Thread finished: Threadadmin 1-47
2017-08-16 16:06:35,705 INFO o.a.j.t.JMeterThread: Thread started: Threadadmin 1-48
2017-08-16 16:06:35,710 INFO o.a.j.t.JMeterThread: Thread is done: Threadadmin 1-48
2017-08-16 16:06:35,710 INFO o.a.j.t.JMeterThread: Thread finished: Threadadmin 1-48
2017-08-16 16:06:35,757 INFO o.a.j.t.JMeterThread: Thread started: Threadadmin 1-49
2017-08-16 16:06:35,762 INFO o.a.j.t.JMeterThread: Thread is done: Threadadmin 1-49
2017-08-16 16:06:35,763 INFO o.a.j.t.JMeterThread: Thread finished: Threadadmin 1-49
2017-08-16 16:06:35,806 INFO o.a.j.t.JMeterThread: Thread started: Threadadmin 1-50
2017-08-16 16:06:35,811 INFO o.a.j.t.JMeterThread: Thread is done: Threadadmin 1-50
2017-08-16 16:06:35,811 INFO o.a.j.t.JMeterThread: Thread finished: Threadadmin 1-50
2017-08-16 16:06:35,855 INFO o.a.j.t.JMeterThread: Thread started: Threadadmin 1-51
2017-08-16 16:06:35,860 INFO o.a.j.t.JMeterThread: Thread is done: Threadadmin 1-51
2017-08-16 16:06:35,860 INFO o.a.j.t.JMeterThread: Thread finished: Threadadmin 1-51
2017-08-16 16:06:35,899 INFO o.a.j.t.JMeterThread: Thread started: Threadadmin 1-52
2017-08-16 16:06:35,904 INFO o.a.j.t.JMeterThread: Thread is done: Threadadmin 1-52
2017-08-16 16:06:35,904 INFO o.a.j.t.JMeterThread: Thread finished: Threadadmin 1-52
2017-08-16 16:06:35,951 INFO o.a.j.t.JMeterThread: Thread started: Threadadmin 1-53
2017-08-16 16:06:35,956 INFO o.a.j.t.JMeterThread: Thread is done: Threadadmin 1-53
2017-08-16 16:06:35,956 INFO o.a.j.t.JMeterThread: Thread finished: Threadadmin 1-53
2017-08-16 16:06:36,004 INFO o.a.j.t.JMeterThread: Thread started: Threadadmin 1-54
2017-08-16 16:06:36,009 INFO o.a.j.t.JMeterThread: Thread is done: Threadadmin 1-54
2017-08-16 16:06:36,009 INFO o.a.j.t.JMeterThread: Thread finished: Threadadmin 1-54
2017-08-16 16:06:36,052 INFO o.a.j.t.JMeterThread: Thread started: Threadadmin 1-55
2017-08-16 16:06:36,057 INFO o.a.j.t.JMeterThread: Thread is done: Threadadmin 1-55
2017-08-16 16:06:36,057 INFO o.a.j.t.JMeterThread: Thread finished: Threadadmin 1-55
2017-08-16 16:06:36,101 INFO o.a.j.t.JMeterThread: Thread started: Threadadmin 1-56
2017-08-16 16:06:36,107 INFO o.a.j.t.JMeterThread: Thread is done: Threadadmin 1-56
2017-08-16 16:06:36,107 INFO o.a.j.t.JMeterThread: Thread finished: Threadadmin 1-56
2017-08-16 16:06:36,149 INFO o.a.j.t.JMeterThread: Thread started: Threadadmin 1-57
2017-08-16 16:06:36,154 INFO o.a.j.t.JMeterThread: Thread is done: Threadadmin 1-57
2017-08-16 16:06:36,154 INFO o.a.j.t.JMeterThread: Thread finished: Threadadmin 1-57
2017-08-16 16:06:36,201 INFO o.a.j.t.JMeterThread: Thread started: Threadadmin 1-58
2017-08-16 16:06:36,206 INFO o.a.j.t.JMeterThread: Thread is done: Threadadmin 1-58
2017-08-16 16:06:36,206 INFO o.a.j.t.JMeterThread: Thread finished: Threadadmin 1-58
2017-08-16 16:06:36,251 INFO o.a.j.t.JMeterThread: Thread started: Threadadmin 1-59
2017-08-16 16:06:36,258 INFO o.a.j.t.JMeterThread: Thread is done: Threadadmin 1-59
2017-08-16 16:06:36,258 INFO o.a.j.t.JMeterThread: Thread finished: Threadadmin 1-59
2017-08-16 16:06:36,301 INFO o.a.j.t.JMeterThread: Thread started: Threadadmin 1-60
2017-08-16 16:06:36,307 INFO o.a.j.t.JMeterThread: Thread is done: Threadadmin 1-60
2017-08-16 16:06:36,307 INFO o.a.j.t.JMeterThread: Thread finished: Threadadmin 1-60
2017-08-16 16:06:36,352 INFO o.a.j.t.JMeterThread: Thread started: Threadadmin 1-61
2017-08-16 16:06:36,357 INFO o.a.j.t.JMeterThread: Thread is done: Threadadmin 1-61
2017-08-16 16:06:36,357 INFO o.a.j.t.JMeterThread: Thread finished: Threadadmin 1-61
2017-08-16 16:06:36,399 INFO o.a.j.t.JMeterThread: Thread started: Threadadmin 1-62
2017-08-16 16:06:36,405 INFO o.a.j.t.JMeterThread: Thread is done: Threadadmin 1-62
2017-08-16 16:06:36,405 INFO o.a.j.t.JMeterThread: Thread finished: Threadadmin 1-62
2017-08-16 16:06:36,455 INFO o.a.j.t.JMeterThread: Thread started: Threadadmin 1-63
2017-08-16 16:06:36,460 INFO o.a.j.t.JMeterThread: Thread is done: Threadadmin 1-63
2017-08-16 16:06:36,460 INFO o.a.j.t.JMeterThread: Thread finished: Threadadmin 1-63
2017-08-16 16:06:36,503 INFO o.a.j.t.JMeterThread: Thread started: Threadadmin 1-64
2017-08-16 16:06:36,508 INFO o.a.j.t.JMeterThread: Thread is done: Threadadmin 1-64
2017-08-16 16:06:36,508 INFO o.a.j.t.JMeterThread: Thread finished: Threadadmin 1-64
2017-08-16 16:06:36,552 INFO o.a.j.t.JMeterThread: Thread started: Threadadmin 1-65
2017-08-16 16:06:36,557 INFO o.a.j.t.JMeterThread: Thread is done: Threadadmin 1-65
2017-08-16 16:06:36,558 INFO o.a.j.t.JMeterThread: Thread finished: Threadadmin 1-65
2017-08-16 16:06:36,599 INFO o.a.j.t.JMeterThread: Thread started: Threadadmin 1-66
2017-08-16 16:06:36,604 INFO o.a.j.t.JMeterThread: Thread is done: Threadadmin 1-66
2017-08-16 16:06:36,605 INFO o.a.j.t.JMeterThread: Thread finished: Threadadmin 1-66
2017-08-16 16:06:36,654 INFO o.a.j.t.JMeterThread: Thread started: Threadadmin 1-67
2017-08-16 16:06:36,659 INFO o.a.j.t.JMeterThread: Thread is done: Threadadmin 1-67
2017-08-16 16:06:36,659 INFO o.a.j.t.JMeterThread: Thread finished: Threadadmin 1-67
2017-08-16 16:06:36,700 INFO o.a.j.t.JMeterThread: Thread started: Threadadmin 1-68
2017-08-16 16:06:36,704 INFO o.a.j.t.JMeterThread: Thread is done: Threadadmin 1-68
2017-08-16 16:06:36,704 INFO o.a.j.t.JMeterThread: Thread finished: Threadadmin 1-68
2017-08-16 16:06:36,751 INFO o.a.j.t.JMeterThread: Thread started: Threadadmin 1-69
2017-08-16 16:06:36,756 INFO o.a.j.t.JMeterThread: Thread is done: Threadadmin 1-69
2017-08-16 16:06:36,757 INFO o.a.j.t.JMeterThread: Thread finished: Threadadmin 1-69
2017-08-16 16:06:36,805 INFO o.a.j.t.JMeterThread: Thread started: Threadadmin 1-70
2017-08-16 16:06:36,810 INFO o.a.j.t.JMeterThread: Thread is done: Threadadmin 1-70
2017-08-16 16:06:36,810 INFO o.a.j.t.JMeterThread: Thread finished: Threadadmin 1-70
2017-08-16 16:06:36,851 INFO o.a.j.t.JMeterThread: Thread started: Threadadmin 1-71
2017-08-16 16:06:36,856 INFO o.a.j.t.JMeterThread: Thread is done: Threadadmin 1-71
2017-08-16 16:06:36,856 INFO o.a.j.t.JMeterThread: Thread finished: Threadadmin 1-71
2017-08-16 16:06:36,903 INFO o.a.j.t.JMeterThread: Thread started: Threadadmin 1-72
2017-08-16 16:06:36,907 INFO o.a.j.t.JMeterThread: Thread is done: Threadadmin 1-72
2017-08-16 16:06:36,908 INFO o.a.j.t.JMeterThread: Thread finished: Threadadmin 1-72
2017-08-16 16:06:36,954 INFO o.a.j.t.JMeterThread: Thread started: Threadadmin 1-73
2017-08-16 16:06:36,960 INFO o.a.j.t.JMeterThread: Thread is done: Threadadmin 1-73
2017-08-16 16:06:36,960 INFO o.a.j.t.JMeterThread: Thread finished: Threadadmin 1-73
2017-08-16 16:06:37,004 INFO o.a.j.t.JMeterThread: Thread started: Threadadmin 1-74
2017-08-16 16:06:37,009 INFO o.a.j.t.JMeterThread: Thread is done: Threadadmin 1-74
2017-08-16 16:06:37,009 INFO o.a.j.t.JMeterThread: Thread finished: Threadadmin 1-74
2017-08-16 16:06:37,054 INFO o.a.j.t.JMeterThread: Thread started: Threadadmin 1-75
2017-08-16 16:06:37,060 INFO o.a.j.t.JMeterThread: Thread is done: Threadadmin 1-75
2017-08-16 16:06:37,060 INFO o.a.j.t.JMeterThread: Thread finished: Threadadmin 1-75
2017-08-16 16:06:37,103 INFO o.a.j.t.JMeterThread: Thread started: Threadadmin 1-76
2017-08-16 16:06:37,108 INFO o.a.j.t.JMeterThread: Thread is done: Threadadmin 1-76
2017-08-16 16:06:37,108 INFO o.a.j.t.JMeterThread: Thread finished: Threadadmin 1-76
2017-08-16 16:06:37,153 INFO o.a.j.t.JMeterThread: Thread started: Threadadmin 1-77
2017-08-16 16:06:37,157 INFO o.a.j.t.JMeterThread: Thread is done: Threadadmin 1-77
2017-08-16 16:06:37,157 INFO o.a.j.t.JMeterThread: Thread finished: Threadadmin 1-77
2017-08-16 16:06:37,199 INFO o.a.j.t.JMeterThread: Thread started: Threadadmin 1-78
2017-08-16 16:06:37,205 INFO o.a.j.t.JMeterThread: Thread is done: Threadadmin 1-78
2017-08-16 16:06:37,205 INFO o.a.j.t.JMeterThread: Thread finished: Threadadmin 1-78
2017-08-16 16:06:37,251 INFO o.a.j.t.JMeterThread: Thread started: Threadadmin 1-79
2017-08-16 16:06:37,256 INFO o.a.j.t.JMeterThread: Thread is done: Threadadmin 1-79
2017-08-16 16:06:37,257 INFO o.a.j.t.JMeterThread: Thread finished: Threadadmin 1-79
2017-08-16 16:06:37,302 INFO o.a.j.t.JMeterThread: Thread started: Threadadmin 1-80
2017-08-16 16:06:37,307 INFO o.a.j.t.JMeterThread: Thread is done: Threadadmin 1-80
2017-08-16 16:06:37,307 INFO o.a.j.t.JMeterThread: Thread finished: Threadadmin 1-80
2017-08-16 16:06:37,350 INFO o.a.j.t.JMeterThread: Thread started: Threadadmin 1-81
2017-08-16 16:06:37,356 INFO o.a.j.t.JMeterThread: Thread is done: Threadadmin 1-81
2017-08-16 16:06:37,356 INFO o.a.j.t.JMeterThread: Thread finished: Threadadmin 1-81
2017-08-16 16:06:37,397 INFO o.a.j.t.JMeterThread: Thread started: Threadadmin 1-82
2017-08-16 16:06:37,404 INFO o.a.j.t.JMeterThread: Thread is done: Threadadmin 1-82
2017-08-16 16:06:37,404 INFO o.a.j.t.JMeterThread: Thread finished: Threadadmin 1-82
2017-08-16 16:06:37,450 INFO o.a.j.t.JMeterThread: Thread started: Threadadmin 1-83
2017-08-16 16:06:37,455 INFO o.a.j.t.JMeterThread: Thread is done: Threadadmin 1-83
2017-08-16 16:06:37,455 INFO o.a.j.t.JMeterThread: Thread finished: Threadadmin 1-83
2017-08-16 16:06:37,501 INFO o.a.j.t.JMeterThread: Thread started: Threadadmin 1-84
2017-08-16 16:06:37,507 INFO o.a.j.t.JMeterThread: Thread is done: Threadadmin 1-84
2017-08-16 16:06:37,508 INFO o.a.j.t.JMeterThread: Thread finished: Threadadmin 1-84
2017-08-16 16:06:37,549 INFO o.a.j.t.JMeterThread: Thread started: Threadadmin 1-85
2017-08-16 16:06:37,553 INFO o.a.j.t.JMeterThread: Thread is done: Threadadmin 1-85
2017-08-16 16:06:37,553 INFO o.a.j.t.JMeterThread: Thread finished: Threadadmin 1-85
2017-08-16 16:06:37,598 INFO o.a.j.t.JMeterThread: Thread started: Threadadmin 1-86
2017-08-16 16:06:37,603 INFO o.a.j.t.JMeterThread: Thread is done: Threadadmin 1-86
2017-08-16 16:06:37,603 INFO o.a.j.t.JMeterThread: Thread finished: Threadadmin 1-86
2017-08-16 16:06:37,652 INFO o.a.j.t.JMeterThread: Thread started: Threadadmin 1-87
2017-08-16 16:06:37,656 INFO o.a.j.t.JMeterThread: Thread is done: Threadadmin 1-87
2017-08-16 16:06:37,656 INFO o.a.j.t.JMeterThread: Thread finished: Threadadmin 1-87
2017-08-16 16:06:37,702 INFO o.a.j.t.JMeterThread: Thread started: Threadadmin 1-88
2017-08-16 16:06:37,707 INFO o.a.j.t.JMeterThread: Thread is done: Threadadmin 1-88
2017-08-16 16:06:37,707 INFO o.a.j.t.JMeterThread: Thread finished: Threadadmin 1-88
2017-08-16 16:06:37,750 INFO o.a.j.t.JMeterThread: Thread started: Threadadmin 1-89
2017-08-16 16:06:37,755 INFO o.a.j.t.JMeterThread: Thread is done: Threadadmin 1-89
2017-08-16 16:06:37,755 INFO o.a.j.t.JMeterThread: Thread finished: Threadadmin 1-89
2017-08-16 16:06:37,803 INFO o.a.j.t.JMeterThread: Thread started: Threadadmin 1-90
2017-08-16 16:06:37,808 INFO o.a.j.t.JMeterThread: Thread is done: Threadadmin 1-90
2017-08-16 16:06:37,808 INFO o.a.j.t.JMeterThread: Thread finished: Threadadmin 1-90
2017-08-16 16:06:37,849 INFO o.a.j.t.JMeterThread: Thread started: Threadadmin 1-91
2017-08-16 16:06:37,854 INFO o.a.j.t.JMeterThread: Thread is done: Threadadmin 1-91
2017-08-16 16:06:37,854 INFO o.a.j.t.JMeterThread: Thread finished: Threadadmin 1-91
2017-08-16 16:06:37,898 INFO o.a.j.t.JMeterThread: Thread started: Threadadmin 1-92
2017-08-16 16:06:37,903 INFO o.a.j.t.JMeterThread: Thread is done: Threadadmin 1-92
2017-08-16 16:06:37,903 INFO o.a.j.t.JMeterThread: Thread finished: Threadadmin 1-92
2017-08-16 16:06:37,949 INFO o.a.j.t.JMeterThread: Thread started: Threadadmin 1-93
2017-08-16 16:06:37,954 INFO o.a.j.t.JMeterThread: Thread is done: Threadadmin 1-93
2017-08-16 16:06:37,954 INFO o.a.j.t.JMeterThread: Thread finished: Threadadmin 1-93
2017-08-16 16:06:38,001 INFO o.a.j.t.JMeterThread: Thread started: Threadadmin 1-94
2017-08-16 16:06:38,005 INFO o.a.j.t.JMeterThread: Thread is done: Threadadmin 1-94
2017-08-16 16:06:38,005 INFO o.a.j.t.JMeterThread: Thread finished: Threadadmin 1-94
2017-08-16 16:06:38,053 INFO o.a.j.t.JMeterThread: Thread started: Threadadmin 1-95
2017-08-16 16:06:38,058 INFO o.a.j.t.JMeterThread: Thread is done: Threadadmin 1-95
2017-08-16 16:06:38,058 INFO o.a.j.t.JMeterThread: Thread finished: Threadadmin 1-95
2017-08-16 16:06:38,103 INFO o.a.j.t.JMeterThread: Thread started: Threadadmin 1-96
2017-08-16 16:06:38,108 INFO o.a.j.t.JMeterThread: Thread is done: Threadadmin 1-96
2017-08-16 16:06:38,108 INFO o.a.j.t.JMeterThread: Thread finished: Threadadmin 1-96
2017-08-16 16:06:38,151 INFO o.a.j.t.JMeterThread: Thread started: Threadadmin 1-97
2017-08-16 16:06:38,156 INFO o.a.j.t.JMeterThread: Thread is done: Threadadmin 1-97
2017-08-16 16:06:38,156 INFO o.a.j.t.JMeterThread: Thread finished: Threadadmin 1-97
2017-08-16 16:06:38,202 INFO o.a.j.t.JMeterThread: Thread started: Threadadmin 1-98
2017-08-16 16:06:38,207 INFO o.a.j.t.JMeterThread: Thread is done: Threadadmin 1-98
2017-08-16 16:06:38,207 INFO o.a.j.t.JMeterThread: Thread finished: Threadadmin 1-98
2017-08-16 16:06:38,251 INFO o.a.j.t.JMeterThread: Thread started: Threadadmin 1-99
2017-08-16 16:06:38,256 INFO o.a.j.t.JMeterThread: Thread is done: Threadadmin 1-99
2017-08-16 16:06:38,256 INFO o.a.j.t.JMeterThread: Thread finished: Threadadmin 1-99
2017-08-16 16:06:38,302 INFO o.a.j.t.JMeterThread: Thread started: Threadadmin 1-100
2017-08-16 16:06:38,307 INFO o.a.j.t.JMeterThread: Thread is done: Threadadmin 1-100
2017-08-16 16:06:38,307 INFO o.a.j.t.JMeterThread: Thread finished: Threadadmin 1-100
2017-08-16 16:06:38,307 INFO o.a.j.e.StandardJMeterEngine: Notifying test listeners of end of test
2017-08-16 16:06:38,307 INFO o.a.j.s.FileServer: Close: ../../jmeter/data/login.csv
2017-08-16 16:06:38,308 INFO o.a.j.r.Summariser: summary +     99 in 00:00:05 =   20.5/s Avg:     4 Min:     2 Max:    73 Err:     0 (0.00%) Active: 0 Started: 100 Finished: 100
2017-08-16 16:06:38,308 INFO o.a.j.r.Summariser: summary =    100 in 00:00:05 =   19.1/s Avg:     5 Min:     2 Max:    77 Err:     0 (0.00%)
2017-08-16 16:06:38,309 INFO o.a.j.JMeter: Generating Dashboard
2017-08-16 16:06:38,309 INFO o.a.j.r.d.ReportGenerator: Flushing result collector before report Generation
2017-08-16 16:06:38,320 INFO o.a.j.r.p.NormalizerSampleConsumer: Using format, 'ms', to parse timeStamp field
2017-08-16 16:06:38,412 INFO o.a.j.r.p.AbstractSampleConsumer: class org.apache.jmeter.report.processor.AggregateConsumer#stopProducing(): beginDate produced 0 samples
2017-08-16 16:06:38,412 INFO o.a.j.r.p.AbstractSampleConsumer: class org.apache.jmeter.report.processor.AggregateConsumer#stopProducing(): endDate produced 0 samples
2017-08-16 16:06:38,413 INFO o.a.j.r.p.AbstractSampleConsumer: class org.apache.jmeter.report.processor.ApdexSummaryConsumer#stopProducing(): apdexSummary produced 0 samples
2017-08-16 16:06:38,413 INFO o.a.j.r.p.AbstractSampleConsumer: class org.apache.jmeter.report.processor.RequestsSummaryConsumer#stopProducing(): requestsSummary produced 0 samples
2017-08-16 16:06:38,418 INFO o.a.j.r.p.AbstractSampleConsumer: class org.apache.jmeter.report.processor.StatisticsSummaryConsumer#stopProducing(): statisticsSummary produced 0 samples
2017-08-16 16:06:38,419 INFO o.a.j.r.p.AbstractSampleConsumer: class org.apache.jmeter.report.processor.Top5ErrorsBySamplerConsumer#stopProducing(): top5ErrorsBySampler produced 0 samples
2017-08-16 16:06:38,419 INFO o.a.j.r.p.AbstractSampleConsumer: class org.apache.jmeter.report.processor.ErrorsSummaryConsumer#stopProducing(): errorsSummary produced 0 samples
2017-08-16 16:06:38,419 INFO o.a.j.r.p.AbstractSampleConsumer: class org.apache.jmeter.report.processor.graph.impl.HitsPerSecondGraphConsumer#stopProducing(): hitsPerSecond produced 0 samples
2017-08-16 16:06:38,436 INFO o.a.j.r.p.AbstractSampleConsumer: class org.apache.jmeter.report.processor.graph.impl.LatencyVSRequestGraphConsumer#stopProducing(): latencyVsRequest produced 0 samples
2017-08-16 16:06:38,436 INFO o.a.j.r.p.AbstractSampleConsumer: class org.apache.jmeter.report.processor.graph.impl.SyntheticResponseTimeDistributionGraphConsumer#stopProducing(): syntheticResponseTimeDistribution produced 0 samples
2017-08-16 16:06:38,436 INFO o.a.j.r.p.AbstractSampleConsumer: class org.apache.jmeter.report.processor.graph.impl.BytesThroughputGraphConsumer#stopProducing(): bytesThroughputOverTime produced 0 samples
2017-08-16 16:06:38,436 INFO o.a.j.r.p.AbstractSampleConsumer: class org.apache.jmeter.report.processor.graph.impl.CodesPerSecondGraphConsumer#stopProducing(): codesPerSecond produced 0 samples
2017-08-16 16:06:38,441 INFO o.a.j.r.p.AbstractSampleConsumer: class org.apache.jmeter.report.processor.graph.impl.ResponseTimeVSRequestGraphConsumer#stopProducing(): responseTimeVsRequest produced 0 samples
2017-08-16 16:06:38,441 INFO o.a.j.r.p.AbstractSampleConsumer: class org.apache.jmeter.report.processor.FilterConsumer#stopProducing(): startIntervalControlerFilter produced 700 samples
2017-08-16 16:06:38,441 INFO o.a.j.r.p.AbstractSampleConsumer: class org.apache.jmeter.report.processor.graph.impl.ActiveThreadsGraphConsumer#stopProducing(): activeThreadsOverTime produced 0 samples
2017-08-16 16:06:38,441 INFO o.a.j.r.p.AbstractSampleConsumer: class org.apache.jmeter.report.processor.graph.impl.TimeVSThreadGraphConsumer#stopProducing(): timeVsThreads produced 0 samples
2017-08-16 16:06:38,442 INFO o.a.j.r.p.AbstractSampleConsumer: class org.apache.jmeter.report.processor.graph.impl.ResponseTimeDistributionGraphConsumer#stopProducing(): responseTimeDistribution produced 0 samples
2017-08-16 16:06:38,442 INFO o.a.j.r.p.AbstractSampleConsumer: class org.apache.jmeter.report.processor.graph.impl.TransactionsPerSecondGraphConsumer#stopProducing(): transactionsPerSecond produced 0 samples
2017-08-16 16:06:38,442 INFO o.a.j.r.p.AbstractSampleConsumer: class org.apache.jmeter.report.processor.graph.impl.ResponseTimePercentilesGraphConsumer#stopProducing(): responseTimePercentiles produced 0 samples
2017-08-16 16:06:38,443 INFO o.a.j.r.p.AbstractSampleConsumer: class org.apache.jmeter.report.processor.graph.impl.ResponseTimePercentilesOverTimeGraphConsumer#stopProducing(): responseTimePercentilesOverTime produced 0 samples
2017-08-16 16:06:38,443 INFO o.a.j.r.p.AbstractSampleConsumer: class org.apache.jmeter.report.processor.graph.impl.ResponseTimeOverTimeGraphConsumer#stopProducing(): responseTimesOverTime produced 0 samples
2017-08-16 16:06:38,443 INFO o.a.j.r.p.AbstractSampleConsumer: class org.apache.jmeter.report.processor.graph.impl.ConnectTimeOverTimeGraphConsumer#stopProducing(): connectTimeOverTime produced 0 samples
2017-08-16 16:06:38,443 INFO o.a.j.r.p.AbstractSampleConsumer: class org.apache.jmeter.report.processor.graph.impl.LatencyOverTimeGraphConsumer#stopProducing(): latenciesOverTime produced 0 samples
2017-08-16 16:06:38,443 INFO o.a.j.r.p.AbstractSampleConsumer: class org.apache.jmeter.report.processor.FilterConsumer#stopProducing(): nameFilter produced 1400 samples
2017-08-16 16:06:38,443 INFO o.a.j.r.p.AbstractSampleConsumer: class org.apache.jmeter.report.processor.FilterConsumer#stopProducing(): dateRangeFilter produced 300 samples
2017-08-16 16:06:38,443 INFO o.a.j.r.p.AbstractSampleConsumer: class org.apache.jmeter.report.processor.NormalizerSampleConsumer#stopProducing(): normalizer produced 100 samples
2017-08-16 16:06:38,443 INFO o.a.j.r.p.CsvFileSampleSource: produce(): 100 samples produced in 103ms on channel 0
2017-08-16 16:06:38,444 INFO o.a.j.r.d.ReportGenerator: Exporting data using exporter:'html' of className:'org.apache.jmeter.report.dashboard.HtmlTemplateExporter'
2017-08-16 16:06:38,446 INFO o.a.j.r.d.HtmlTemplateExporter: Will generate dashboard in folder: /Users/jyzhou/Documents/JMETER/apache-jmeter-3.2/bin/../../jmeter/report
2017-08-16 16:06:38,523 INFO o.a.j.r.d.HtmlTemplateExporter: Report will be generated in: /Users/jyzhou/Documents/JMETER/apache-jmeter-3.2/bin/../../jmeter/report, creating folder structure
2017-08-16 16:06:40,602 INFO o.a.j.JMeter: Dashboard generated
